# JRE version: OpenJDK Runtime Environment (21.0.3) (build 21.0.3+-12282718-b509.11)
# Java VM: OpenJDK 64-Bit Server VM (21.0.3+-12282718-b509.11, mixed mode, tiered, compressed oops, compressed class ptrs, g1 gc, windows-amd64)
GC Precious Log:
 CardTable entry size: 512
 Card Set container configuration: InlinePtr #cards 5 size 8 Array Of Cards #cards 12 size 40 Howl #buckets 4 coarsen threshold 1843 Howl Bitmap #cards 512 size 80 coarsen threshold 460 Card regions per heap region 1 cards per card region 2048
 CPUs: 8 total, 8 available
 Memory: 15756M
 Large Page Support: Disabled
 NUMA Support: Disabled
 Compressed Oops: Enabled (32-bit)
 Heap Region Size: 1M
 Heap Min Capacity: 8M
 Heap Initial Capacity: 248M
 Heap Max Capacity: 2G
 Pre-touch: Disabled
 Parallel Workers: 8
 Concurrent Workers: 2
 Concurrent Refinement Workers: 8
 Periodic GC: Disabled
Heap:
 garbage-first heap   total 430080K, used 354613K [0x0000000080000000, 0x0000000100000000)
  region size 1024K, 223 young (228352K), 21 survivors (21504K)
 Metaspace       used 154971K, committed 157248K, reserved 1245184K
  class space    used 19756K, committed 20928K, reserved 1048576K
GC Heap History (20 events):
Event: 14.650 GC heap before
{Heap before GC invocations=24 (full 0):
 garbage-first heap   total 156672K, used 109574K [0x0000000080000000, 0x0000000100000000)
  region size 1024K, 32 young (32768K), 3 survivors (3072K)
 Metaspace       used 88986K, committed 90880K, reserved 1179648K
  class space    used 12433K, committed 13376K, reserved 1048576K
}
Event: 14.654 GC heap after
{Heap after GC invocations=25 (full 0):
 garbage-first heap   total 156672K, used 82739K [0x0000000080000000, 0x0000000100000000)
  region size 1024K, 5 young (5120K), 5 survivors (5120K)
 Metaspace       used 88986K, committed 90880K, reserved 1179648K
  class space    used 12433K, committed 13376K, reserved 1048576K
}
Event: 15.231 GC heap before
{Heap before GC invocations=26 (full 0):
 garbage-first heap   total 156672K, used 145203K [0x0000000080000000, 0x0000000100000000)
  region size 1024K, 62 young (63488K), 5 survivors (5120K)
 Metaspace       used 93348K, committed 95232K, reserved 1179648K
  class space    used 13025K, committed 13952K, reserved 1048576K
}
Event: 15.237 GC heap after
{Heap after GC invocations=27 (full 0):
 garbage-first heap   total 156672K, used 90993K [0x0000000080000000, 0x0000000100000000)
  region size 1024K, 8 young (8192K), 8 survivors (8192K)
 Metaspace       used 93348K, committed 95232K, reserved 1179648K
  class space    used 13025K, committed 13952K, reserved 1048576K
}
Event: 15.685 GC heap before
{Heap before GC invocations=27 (full 0):
 garbage-first heap   total 156672K, used 147313K [0x0000000080000000, 0x0000000100000000)
  region size 1024K, 55 young (56320K), 8 survivors (8192K)
 Metaspace       used 97131K, committed 99008K, reserved 1179648K
  class space    used 13388K, committed 14336K, reserved 1048576K
}
Event: 15.691 GC heap after
{Heap after GC invocations=28 (full 0):
 garbage-first heap   total 158720K, used 91930K [0x0000000080000000, 0x0000000100000000)
  region size 1024K, 2 young (2048K), 2 survivors (2048K)
 Metaspace       used 97131K, committed 99008K, reserved 1179648K
  class space    used 13388K, committed 14336K, reserved 1048576K
}
Event: 15.857 GC heap before
{Heap before GC invocations=28 (full 0):
 garbage-first heap   total 158720K, used 147226K [0x0000000080000000, 0x0000000100000000)
  region size 1024K, 56 young (57344K), 2 survivors (2048K)
 Metaspace       used 97456K, committed 99328K, reserved 1179648K
  class space    used 13404K, committed 14336K, reserved 1048576K
}
Event: 15.859 GC heap after
{Heap after GC invocations=29 (full 0):
 garbage-first heap   total 158720K, used 91848K [0x0000000080000000, 0x0000000100000000)
  region size 1024K, 2 young (2048K), 2 survivors (2048K)
 Metaspace       used 97456K, committed 99328K, reserved 1179648K
  class space    used 13404K, committed 14336K, reserved 1048576K
}
Event: 22.514 GC heap before
{Heap before GC invocations=30 (full 0):
 garbage-first heap   total 158720K, used 147144K [0x0000000080000000, 0x0000000100000000)
  region size 1024K, 56 young (57344K), 2 survivors (2048K)
 Metaspace       used 101138K, committed 102976K, reserved 1179648K
  class space    used 13871K, committed 14784K, reserved 1048576K
}
Event: 22.519 GC heap after
{Heap after GC invocations=31 (full 0):
 garbage-first heap   total 158720K, used 94332K [0x0000000080000000, 0x0000000100000000)
  region size 1024K, 5 young (5120K), 5 survivors (5120K)
 Metaspace       used 101138K, committed 102976K, reserved 1179648K
  class space    used 13871K, committed 14784K, reserved 1048576K
}
Event: 22.943 GC heap before
{Heap before GC invocations=31 (full 0):
 garbage-first heap   total 158720K, used 150652K [0x0000000080000000, 0x0000000100000000)
  region size 1024K, 53 young (54272K), 5 survivors (5120K)
 Metaspace       used 108016K, committed 110016K, reserved 1179648K
  class space    used 14696K, committed 15680K, reserved 1048576K
}
Event: 22.950 GC heap after
{Heap after GC invocations=32 (full 0):
 garbage-first heap   total 161792K, used 104851K [0x0000000080000000, 0x0000000100000000)
  region size 1024K, 7 young (7168K), 7 survivors (7168K)
 Metaspace       used 108016K, committed 110016K, reserved 1179648K
  class space    used 14696K, committed 15680K, reserved 1048576K
}
Event: 23.088 GC heap before
{Heap before GC invocations=32 (full 0):
 garbage-first heap   total 161792K, used 144787K [0x0000000080000000, 0x0000000100000000)
  region size 1024K, 46 young (47104K), 7 survivors (7168K)
 Metaspace       used 108148K, committed 110144K, reserved 1179648K
  class space    used 14701K, committed 15680K, reserved 1048576K
}
Event: 23.099 GC heap after
{Heap after GC invocations=33 (full 0):
 garbage-first heap   total 164864K, used 109833K [0x0000000080000000, 0x0000000100000000)
  region size 1024K, 6 young (6144K), 6 survivors (6144K)
 Metaspace       used 108148K, committed 110144K, reserved 1179648K
  class space    used 14701K, committed 15680K, reserved 1048576K
}
Event: 23.203 GC heap before
{Heap before GC invocations=34 (full 0):
 garbage-first heap   total 215040K, used 146697K [0x0000000080000000, 0x0000000100000000)
  region size 1024K, 42 young (43008K), 6 survivors (6144K)
 Metaspace       used 108151K, committed 110144K, reserved 1179648K
  class space    used 14701K, committed 15680K, reserved 1048576K
}
Event: 23.212 GC heap after
{Heap after GC invocations=35 (full 0):
 garbage-first heap   total 215040K, used 122080K [0x0000000080000000, 0x0000000100000000)
  region size 1024K, 6 young (6144K), 6 survivors (6144K)
 Metaspace       used 108151K, committed 110144K, reserved 1179648K
  class space    used 14701K, committed 15680K, reserved 1048576K
}
Event: 23.689 GC heap before
{Heap before GC invocations=35 (full 0):
 garbage-first heap   total 215040K, used 188640K [0x0000000080000000, 0x0000000100000000)
  region size 1024K, 64 young (65536K), 6 survivors (6144K)
 Metaspace       used 112874K, committed 114816K, reserved 1179648K
  class space    used 15254K, committed 16256K, reserved 1048576K
}
Event: 23.698 GC heap after
{Heap after GC invocations=36 (full 0):
 garbage-first heap   total 430080K, used 136192K [0x0000000080000000, 0x0000000100000000)
  region size 1024K, 7 young (7168K), 7 survivors (7168K)
 Metaspace       used 112874K, committed 114816K, reserved 1179648K
  class space    used 15254K, committed 16256K, reserved 1048576K
}
Event: 25.663 GC heap before
{Heap before GC invocations=36 (full 0):
 garbage-first heap   total 430080K, used 332800K [0x0000000080000000, 0x0000000100000000)
  region size 1024K, 198 young (202752K), 7 survivors (7168K)
 Metaspace       used 129491K, committed 131712K, reserved 1179648K
  class space    used 17139K, committed 18304K, reserved 1048576K
}
Event: 25.676 GC heap after
{Heap after GC invocations=37 (full 0):
 garbage-first heap   total 430080K, used 149813K [0x0000000080000000, 0x0000000100000000)
  region size 1024K, 21 young (21504K), 21 survivors (21504K)
 Metaspace       used 129491K, committed 131712K, reserved 1179648K
  class space    used 17139K, committed 18304K, reserved 1048576K
}

